\BOOKMARK [1][-]{section.1}{A_zz Motivation}{}% 1
\BOOKMARK [2][-]{subsection.1.1}{Probing the Deuteron Wavefunction}{section.1}% 2
\BOOKMARK [2][-]{subsection.1.2}{Study of the Relativistic NN Bound System}{section.1}% 3
\BOOKMARK [2][-]{subsection.1.3}{Final State Interactions}{section.1}% 4
\BOOKMARK [2][-]{subsection.1.4}{Interest from Theorists}{section.1}% 5
\BOOKMARK [1][-]{section.2}{T_20 Motivation}{}% 6
\BOOKMARK [1][-]{section.3}{The Proposed Experiment}{}% 7
\BOOKMARK [2][-]{subsection.3.1}{A_zz Experimental Method}{section.3}% 8
\BOOKMARK [2][-]{subsection.3.2}{T_20 Experimental Method}{section.3}% 9
\BOOKMARK [2][-]{subsection.3.3}{Kinematics}{section.3}% 10
\BOOKMARK [2][-]{subsection.3.4}{Uncertainty Estimates}{section.3}% 11
\BOOKMARK [3][-]{subsubsection.3.4.1}{Statistical Uncertainty}{subsection.3.4}% 12
\BOOKMARK [3][-]{subsubsection.3.4.2}{Systematic Uncertainty}{subsection.3.4}% 13
\BOOKMARK [4][-]{paragraph.3.4.2.1}{Time Dependent Factors}{subsubsection.3.4.2}% 14
\BOOKMARK [4][-]{paragraph.3.4.2.2}{Drift Mitigation}{subsubsection.3.4.2}% 15
\BOOKMARK [4][-]{paragraph.3.4.2.3}{Trigger-Tracking}{subsubsection.3.4.2}% 16
\BOOKMARK [4][-]{paragraph.3.4.2.4}{Target Dilution and Length}{subsubsection.3.4.2}% 17
\BOOKMARK [4][-]{paragraph.3.4.2.5}{Solid Angle}{subsubsection.3.4.2}% 18
\BOOKMARK [4][-]{paragraph.3.4.2.6}{Beam Current Monitors}{subsubsection.3.4.2}% 19
\BOOKMARK [4][-]{paragraph.3.4.2.7}{Systematic Summary}{subsubsection.3.4.2}% 20
\BOOKMARK [2][-]{subsection.3.5}{Polarized Target}{section.3}% 21
\BOOKMARK [3][-]{subsubsection.3.5.1}{Polarization Analysis}{subsection.3.5}% 22
\BOOKMARK [3][-]{subsubsection.3.5.2}{Elastic Normalization of Tensor Polarization}{subsection.3.5}% 23
\BOOKMARK [3][-]{subsubsection.3.5.3}{Tensor Polarization Enhancement}{subsection.3.5}% 24
\BOOKMARK [3][-]{subsubsection.3.5.4}{Depolarizing the Target}{subsection.3.5}% 25
\BOOKMARK [3][-]{subsubsection.3.5.5}{Dilution Factor}{subsection.3.5}% 26
\BOOKMARK [2][-]{subsection.3.6}{Overhead}{section.3}% 27
\BOOKMARK [1][-]{section.4}{PAC42 Comments and Concerns}{}% 28
\BOOKMARK [2][-]{subsection.4.1}{Theory Advisory Committee}{section.4}% 29
\BOOKMARK [2][-]{subsection.4.2}{Technical Advisory Committee}{section.4}% 30
\BOOKMARK [2][-]{subsection.4.3}{Program Advisory Committee}{section.4}% 31
\BOOKMARK [2][-]{subsection.4.4}{Response to PAC42 Concerns}{section.4}% 32
\BOOKMARK [1][-]{section.5}{Summary}{}% 33
